<?xml version="1.0" encoding="UTF-8"?>
<testng-results ignored="0" total="1" passed="1" failed="0" skipped="0">
  <reporter-output>
  </reporter-output>
  <suite started-at="2025-05-09T17:10:12 IST" name="Suite" finished-at="2025-05-09T17:10:37 IST" duration-ms="25256">
    <groups>
    </groups>
    <test started-at="2025-05-09T17:10:12 IST" name="Test" finished-at="2025-05-09T17:10:37 IST" duration-ms="25256">
      <class name="gridExample.HRMLoginTest">
        <test-method is-config="true" signature="launchApp(java.lang.String)[pri:0, instance:gridExample.HRMLoginTest@2a4fb17b]" started-at="2025-05-09T17:10:12 IST" name="launchApp" finished-at="2025-05-09T17:10:25 IST" duration-ms="13556" status="PASS">
          <params>
            <param index="0">
              <value>
                <![CDATA[mac]]>
              </value>
            </param>
          </params>
          <reporter-output>
          </reporter-output>
        </test-method> <!-- launchApp -->
        <test-method signature="verifyLogin()[pri:0, instance:gridExample.HRMLoginTest@2a4fb17b]" started-at="2025-05-09T17:10:25 IST" name="verifyLogin" finished-at="2025-05-09T17:10:27 IST" duration-ms="1719" status="PASS">
          <reporter-output>
          </reporter-output>
        </test-method> <!-- verifyLogin -->
        <test-method is-config="true" signature="closeApp()[pri:0, instance:gridExample.HRMLoginTest@2a4fb17b]" started-at="2025-05-09T17:10:27 IST" name="closeApp" finished-at="2025-05-09T17:10:37 IST" duration-ms="9913" status="PASS">
          <reporter-output>
          </reporter-output>
        </test-method> <!-- closeApp -->
      </class> <!-- gridExample.HRMLoginTest -->
    </test> <!-- Test -->
  </suite> <!-- Suite -->
</testng-results>
